<?xml version="1.0" encoding="UTF-8"?>
<testng-results ignored="0" total="2" passed="2" failed="0" skipped="0">
  <reporter-output>
  </reporter-output>
  <suite started-at="2024-09-03T06:59:02 CST" name="Default suite" finished-at="2024-09-03T06:59:08 CST" duration-ms="5517">
    <groups>
    </groups>
    <test started-at="2024-09-03T06:59:02 CST" name="Default test" finished-at="2024-09-03T06:59:08 CST" duration-ms="5517">
      <class name="page.test.single.TestLogin">
        <test-method is-config="true" signature="setup()[pri:0, instance:page.test.single.TestLogin@1190200a]" started-at="2024-09-03T06:59:02 CST" name="setup" finished-at="2024-09-03T06:59:04 CST" duration-ms="1500" status="PASS">
          <reporter-output>
          </reporter-output>
        </test-method> <!-- setup -->
        <test-method is-config="true" signature="testConfig(org.testng.ITestResult)[pri:0, instance:page.test.single.TestLogin@1190200a]" started-at="2024-09-03T06:59:04 CST" name="testConfig" finished-at="2024-09-03T06:59:04 CST" duration-ms="52" status="PASS">
          <params>
            <param index="0">
              <value>
                <![CDATA[[TestResult name={null} status=CREATED method=TestLogin.userLoginValidCredentials()[pri:1, instance:page.test.single.TestLogin@1190200a] output={null}]]]>
              </value>
            </param>
          </params>
          <reporter-output>
          </reporter-output>
        </test-method> <!-- testConfig -->
        <test-method signature="userLoginValidCredentials()[pri:1, instance:page.test.single.TestLogin@1190200a]" started-at="2024-09-03T06:59:04 CST" name="userLoginValidCredentials" finished-at="2024-09-03T06:59:04 CST" duration-ms="622" status="PASS">
          <reporter-output>
          </reporter-output>
        </test-method> <!-- userLoginValidCredentials -->
        <test-method is-config="true" signature="testConfig(org.testng.ITestResult)[pri:0, instance:page.test.single.TestLogin@1190200a]" started-at="2024-09-03T06:59:04 CST" name="testConfig" finished-at="2024-09-03T06:59:04 CST" duration-ms="10" status="PASS">
          <params>
            <param index="0">
              <value>
                <![CDATA[[TestResult name={null} status=CREATED method=TestLogin.userLoginInvalidUsername()[pri:2, instance:page.test.single.TestLogin@1190200a] output={null}]]]>
              </value>
            </param>
          </params>
          <reporter-output>
          </reporter-output>
        </test-method> <!-- testConfig -->
        <test-method signature="userLoginInvalidUsername()[pri:2, instance:page.test.single.TestLogin@1190200a]" started-at="2024-09-03T06:59:04 CST" name="userLoginInvalidUsername" finished-at="2024-09-03T06:59:05 CST" duration-ms="174" status="PASS">
          <reporter-output>
          </reporter-output>
        </test-method> <!-- userLoginInvalidUsername -->
        <test-method is-config="true" signature="tearDown()[pri:0, instance:page.test.single.TestLogin@1190200a]" started-at="2024-09-03T06:59:05 CST" name="tearDown" finished-at="2024-09-03T06:59:08 CST" duration-ms="3137" status="PASS">
          <reporter-output>
          </reporter-output>
        </test-method> <!-- tearDown -->
      </class> <!-- page.test.single.TestLogin -->
    </test> <!-- Default test -->
  </suite> <!-- Default suite -->
</testng-results>
